c:\users\paumt\onedrive\documentos\github\desenvolupament\build\release\obj\vc142.pdb
c:\users\paumt\onedrive\documentos\github\desenvolupament\build\release\obj\pugixml.obj
c:\users\paumt\onedrive\documentos\github\desenvolupament\build\release\obj\log.obj
c:\users\paumt\onedrive\documentos\github\desenvolupament\build\release\obj\window.obj
c:\users\paumt\onedrive\documentos\github\desenvolupament\build\release\obj\timer.obj
c:\users\paumt\onedrive\documentos\github\desenvolupament\build\release\obj\textures.obj
c:\users\paumt\onedrive\documentos\github\desenvolupament\build\release\obj\render.obj
c:\users\paumt\onedrive\documentos\github\desenvolupament\build\release\obj\scene.obj
c:\users\paumt\onedrive\documentos\github\desenvolupament\build\release\obj\player.obj
c:\users\paumt\onedrive\documentos\github\desenvolupament\build\release\obj\physics.obj
c:\users\paumt\onedrive\documentos\github\desenvolupament\build\release\obj\perftimer.obj
c:\users\paumt\onedrive\documentos\github\desenvolupament\build\release\obj\path.obj
c:\users\paumt\onedrive\documentos\github\desenvolupament\build\release\obj\map.obj
c:\users\paumt\onedrive\documentos\github\desenvolupament\build\release\obj\input.obj
c:\users\paumt\onedrive\documentos\github\desenvolupament\build\release\obj\audio.obj
c:\users\paumt\onedrive\documentos\github\desenvolupament\build\release\obj\app.obj
c:\users\paumt\onedrive\documentos\github\desenvolupament\build\release\obj\main.obj
c:\users\paumt\onedrive\documentos\github\desenvolupament\build\release\obj\item.obj
c:\users\paumt\onedrive\documentos\github\desenvolupament\build\release\obj\entitymanager.obj
c:\users\paumt\onedrive\documentos\github\desenvolupament\build\release\obj\wenemies.obj
c:\users\paumt\onedrive\documentos\github\desenvolupament\build\release\obj\pathfinding.obj
c:\users\paumt\onedrive\documentos\github\desenvolupament\build\release\obj\fenemies.obj
c:\users\paumt\onedrive\documentos\github\desenvolupament\build\release\obj\guimanager.obj
c:\users\paumt\onedrive\documentos\github\desenvolupament\build\release\obj\guicontrolbutton.obj
c:\users\paumt\onedrive\documentos\github\desenvolupament\build\release\obj\jabon.obj
c:\users\paumt\onedrive\documentos\github\desenvolupament\build\release\obj\fadetoblack.obj
c:\users\paumt\onedrive\documentos\github\desenvolupament\build\release\game.exe
c:\users\paumt\onedrive\documentos\github\desenvolupament\build\release\obj\game.iobj
c:\users\paumt\onedrive\documentos\github\desenvolupament\build\release\game.pdb
c:\users\paumt\onedrive\documentos\github\desenvolupament\build\release\obj\introscreen.obj
c:\users\paumt\onedrive\documentos\github\desenvolupament\build\release\obj\game.ipdb
c:\users\paumt\onedrive\documentos\github\desenvolupament\build\release\obj\game.tlog\cl.command.1.tlog
c:\users\paumt\onedrive\documentos\github\desenvolupament\build\release\obj\game.tlog\cl.read.1.tlog
c:\users\paumt\onedrive\documentos\github\desenvolupament\build\release\obj\game.tlog\cl.write.1.tlog
c:\users\paumt\onedrive\documentos\github\desenvolupament\build\release\obj\game.tlog\link.command.1.tlog
c:\users\paumt\onedrive\documentos\github\desenvolupament\build\release\obj\game.tlog\link.read.1.tlog
c:\users\paumt\onedrive\documentos\github\desenvolupament\build\release\obj\game.tlog\link.write.1.tlog
