c:\users\paumt\onedrive\documentos\github\desenvolupament\build\debug\obj\vc143.pdb
c:\users\paumt\onedrive\documentos\github\desenvolupament\build\debug\obj\vc143.idb
c:\users\paumt\onedrive\documentos\github\desenvolupament\build\debug\obj\map.obj
c:\users\paumt\onedrive\documentos\github\desenvolupament\build\debug\obj\input.obj
c:\users\paumt\onedrive\documentos\github\desenvolupament\build\debug\obj\audio.obj
c:\users\paumt\onedrive\documentos\github\desenvolupament\build\debug\obj\app.obj
c:\users\paumt\onedrive\documentos\github\desenvolupament\build\debug\obj\main.obj
c:\users\paumt\onedrive\documentos\github\desenvolupament\build\debug\obj\levelcompletedscreen.obj
c:\users\paumt\onedrive\documentos\github\desenvolupament\build\debug\obj\jabon.obj
c:\users\paumt\onedrive\documentos\github\desenvolupament\build\debug\obj\introscreen.obj
c:\users\paumt\onedrive\documentos\github\desenvolupament\build\debug\obj\health.obj
c:\users\paumt\onedrive\documentos\github\desenvolupament\build\debug\obj\guimanager.obj
c:\users\paumt\onedrive\documentos\github\desenvolupament\build\debug\obj\guicontrolslider.obj
c:\users\paumt\onedrive\documentos\github\desenvolupament\build\debug\obj\guicontrolimage.obj
c:\users\paumt\onedrive\documentos\github\desenvolupament\build\debug\obj\guicontrolcheckbox.obj
c:\users\paumt\onedrive\documentos\github\desenvolupament\build\debug\obj\guicontrolbutton.obj
c:\users\paumt\onedrive\documentos\github\desenvolupament\build\debug\obj\fenemies.obj
c:\users\paumt\onedrive\documentos\github\desenvolupament\build\debug\obj\fadetoblack.obj
c:\users\paumt\onedrive\documentos\github\desenvolupament\build\debug\obj\entitymanager.obj
c:\users\paumt\onedrive\documentos\github\desenvolupament\build\debug\obj\deadscreen.obj
c:\users\paumt\onedrive\documentos\github\desenvolupament\build\debug\obj\credits.obj
c:\users\paumt\onedrive\documentos\github\desenvolupament\build\debug\obj\boss.obj
c:\users\paumt\onedrive\documentos\github\desenvolupament\build\debug\obj\pugixml.obj
c:\users\paumt\onedrive\documentos\github\desenvolupament\build\debug\obj\log.obj
c:\users\paumt\onedrive\documentos\github\desenvolupament\build\debug\obj\window.obj
c:\users\paumt\onedrive\documentos\github\desenvolupament\build\debug\obj\wenemies.obj
c:\users\paumt\onedrive\documentos\github\desenvolupament\build\debug\obj\titlescreen.obj
c:\users\paumt\onedrive\documentos\github\desenvolupament\build\debug\obj\timer.obj
c:\users\paumt\onedrive\documentos\github\desenvolupament\build\debug\obj\textures.obj
c:\users\paumt\onedrive\documentos\github\desenvolupament\build\debug\obj\render.obj
c:\users\paumt\onedrive\documentos\github\desenvolupament\build\debug\obj\scene.obj
c:\users\paumt\onedrive\documentos\github\desenvolupament\build\debug\obj\player.obj
c:\users\paumt\onedrive\documentos\github\desenvolupament\build\debug\obj\physics.obj
c:\users\paumt\onedrive\documentos\github\desenvolupament\build\debug\obj\perftimer.obj
c:\users\paumt\onedrive\documentos\github\desenvolupament\build\debug\obj\pausescreen.obj
c:\users\paumt\onedrive\documentos\github\desenvolupament\build\debug\obj\pathfinding.obj
c:\users\paumt\onedrive\documentos\github\desenvolupament\build\debug\obj\path.obj
c:\users\paumt\onedrive\documentos\github\desenvolupament\build\debug\obj\particle.obj
c:\users\paumt\onedrive\documentos\github\desenvolupament\build\debug\obj\moduleparticles.obj
c:\users\paumt\onedrive\documentos\github\desenvolupament\build\debug\game.exe
c:\users\paumt\onedrive\documentos\github\desenvolupament\build\debug\obj\game.vcxproj.filelistabsolute.txt
c:\users\paumt\onedrive\documentos\github\desenvolupament\build\debug\obj\game.tlog\cl.command.1.tlog
c:\users\paumt\onedrive\documentos\github\desenvolupament\build\debug\obj\game.tlog\cl.read.1.tlog
c:\users\paumt\onedrive\documentos\github\desenvolupament\build\debug\obj\game.tlog\cl.write.1.tlog
c:\users\paumt\onedrive\documentos\github\desenvolupament\build\debug\obj\game.tlog\link.command.1.tlog
c:\users\paumt\onedrive\documentos\github\desenvolupament\build\debug\obj\game.tlog\link.read.1.tlog
c:\users\paumt\onedrive\documentos\github\desenvolupament\build\debug\obj\game.tlog\link.write.1.tlog
