C:\Program Files\Microsoft Visual Studio\2022\Community\MSBuild\Microsoft\VC\v170\Microsoft.CppBuild.targets(517,5): warning MSB8004: El directorio Output no termina con una barra diagonal final. Esta instancia de compilación agregará la barra diagonal porque es necesaria para que se pueda evaluar correctamente el directorio Output.
  App.cpp
C:\Users\paumt\OneDrive\Documentos\GitHub\Desenvolupament\Game\Source\Animation.h(56,19): warning C4244: 'inicializando': conversión de 'float' a 'int'; posible pérdida de datos
C:\Users\paumt\OneDrive\Documentos\GitHub\Desenvolupament\Game\Source\Animation.h(58,30): warning C4244: '=': conversión de 'float' a 'int'; posible pérdida de datos
C:\Users\paumt\OneDrive\Documentos\GitHub\Desenvolupament\Game\Source\Animation.h(64,19): warning C4244: 'inicializando': conversión de 'float' a 'int'; posible pérdida de datos
C:\Users\paumt\OneDrive\Documentos\GitHub\Desenvolupament\Game\Source\Animation.h(66,30): warning C4244: '=': conversión de 'float' a 'int'; posible pérdida de datos
  Boss.cpp
C:\Users\paumt\OneDrive\Documentos\GitHub\Desenvolupament\Game\Source\Animation.h(56,19): warning C4244: 'inicializando': conversión de 'float' a 'int'; posible pérdida de datos
C:\Users\paumt\OneDrive\Documentos\GitHub\Desenvolupament\Game\Source\Animation.h(58,30): warning C4244: '=': conversión de 'float' a 'int'; posible pérdida de datos
C:\Users\paumt\OneDrive\Documentos\GitHub\Desenvolupament\Game\Source\Animation.h(64,19): warning C4244: 'inicializando': conversión de 'float' a 'int'; posible pérdida de datos
C:\Users\paumt\OneDrive\Documentos\GitHub\Desenvolupament\Game\Source\Animation.h(66,30): warning C4244: '=': conversión de 'float' a 'int'; posible pérdida de datos
C:\Users\paumt\OneDrive\Documentos\GitHub\Desenvolupament\Game\Source\Point.h(111,26): warning C4244: 'argumento': conversión de 'TYPE' a 'float'; posible pérdida de datos
          with
          [
              TYPE=int
          ]
C:\Users\paumt\OneDrive\Documentos\GitHub\Desenvolupament\Game\Source\Point.h(106,7): message : al compilar la función del miembro clase plantilla "TYPE Point<TYPE>::DistanceTo(const Point<TYPE> &) const"
          with
          [
              TYPE=int
          ]
C:\Users\paumt\OneDrive\Documentos\GitHub\Desenvolupament\Game\Source\Boss.cpp(153,6): message : vea la primera referencia a “Point<int>::DistanceTo” en “Boss::Update”
C:\Users\paumt\OneDrive\Documentos\GitHub\Desenvolupament\Game\Source\Entity.h(89,9): message : Vea la referencia a la creación de una instancia de clase plantilla "Point<int>" que se está compilando
C:\Users\paumt\OneDrive\Documentos\GitHub\Desenvolupament\Game\Source\Point.h(111,15): warning C4244: 'return': conversión de 'float' a 'TYPE'; posible pérdida de datos
          with
          [
              TYPE=int
          ]
  Credits.cpp
C:\Users\paumt\OneDrive\Documentos\GitHub\Desenvolupament\Game\Source\Animation.h(56,19): warning C4244: 'inicializando': conversión de 'float' a 'int'; posible pérdida de datos
C:\Users\paumt\OneDrive\Documentos\GitHub\Desenvolupament\Game\Source\Animation.h(58,30): warning C4244: '=': conversión de 'float' a 'int'; posible pérdida de datos
C:\Users\paumt\OneDrive\Documentos\GitHub\Desenvolupament\Game\Source\Animation.h(64,19): warning C4244: 'inicializando': conversión de 'float' a 'int'; posible pérdida de datos
C:\Users\paumt\OneDrive\Documentos\GitHub\Desenvolupament\Game\Source\Animation.h(66,30): warning C4244: '=': conversión de 'float' a 'int'; posible pérdida de datos
  DeadScreen.cpp
C:\Users\paumt\OneDrive\Documentos\GitHub\Desenvolupament\Game\Source\Animation.h(56,19): warning C4244: 'inicializando': conversión de 'float' a 'int'; posible pérdida de datos
C:\Users\paumt\OneDrive\Documentos\GitHub\Desenvolupament\Game\Source\Animation.h(58,30): warning C4244: '=': conversión de 'float' a 'int'; posible pérdida de datos
C:\Users\paumt\OneDrive\Documentos\GitHub\Desenvolupament\Game\Source\Animation.h(64,19): warning C4244: 'inicializando': conversión de 'float' a 'int'; posible pérdida de datos
C:\Users\paumt\OneDrive\Documentos\GitHub\Desenvolupament\Game\Source\Animation.h(66,30): warning C4244: '=': conversión de 'float' a 'int'; posible pérdida de datos
  EntityManager.cpp
C:\Users\paumt\OneDrive\Documentos\GitHub\Desenvolupament\Game\Source\Animation.h(56,19): warning C4244: 'inicializando': conversión de 'float' a 'int'; posible pérdida de datos
C:\Users\paumt\OneDrive\Documentos\GitHub\Desenvolupament\Game\Source\Animation.h(58,30): warning C4244: '=': conversión de 'float' a 'int'; posible pérdida de datos
C:\Users\paumt\OneDrive\Documentos\GitHub\Desenvolupament\Game\Source\Animation.h(64,19): warning C4244: 'inicializando': conversión de 'float' a 'int'; posible pérdida de datos
C:\Users\paumt\OneDrive\Documentos\GitHub\Desenvolupament\Game\Source\Animation.h(66,30): warning C4244: '=': conversión de 'float' a 'int'; posible pérdida de datos
  FEnemies.cpp
C:\Users\paumt\OneDrive\Documentos\GitHub\Desenvolupament\Game\Source\Animation.h(56,19): warning C4244: 'inicializando': conversión de 'float' a 'int'; posible pérdida de datos
C:\Users\paumt\OneDrive\Documentos\GitHub\Desenvolupament\Game\Source\Animation.h(58,30): warning C4244: '=': conversión de 'float' a 'int'; posible pérdida de datos
C:\Users\paumt\OneDrive\Documentos\GitHub\Desenvolupament\Game\Source\Animation.h(64,19): warning C4244: 'inicializando': conversión de 'float' a 'int'; posible pérdida de datos
C:\Users\paumt\OneDrive\Documentos\GitHub\Desenvolupament\Game\Source\Animation.h(66,30): warning C4244: '=': conversión de 'float' a 'int'; posible pérdida de datos
C:\Users\paumt\OneDrive\Documentos\GitHub\Desenvolupament\Game\Source\Point.h(111,26): warning C4244: 'argumento': conversión de 'TYPE' a 'float'; posible pérdida de datos
          with
          [
              TYPE=int
          ]
C:\Users\paumt\OneDrive\Documentos\GitHub\Desenvolupament\Game\Source\Point.h(106,7): message : al compilar la función del miembro clase plantilla "TYPE Point<TYPE>::DistanceTo(const Point<TYPE> &) const"
          with
          [
              TYPE=int
          ]
C:\Users\paumt\OneDrive\Documentos\GitHub\Desenvolupament\Game\Source\FEnemies.cpp(127,6): message : vea la primera referencia a “Point<int>::DistanceTo” en “FEnemies::Update”
C:\Users\paumt\OneDrive\Documentos\GitHub\Desenvolupament\Game\Source\Entity.h(89,9): message : Vea la referencia a la creación de una instancia de clase plantilla "Point<int>" que se está compilando
C:\Users\paumt\OneDrive\Documentos\GitHub\Desenvolupament\Game\Source\Point.h(111,15): warning C4244: 'return': conversión de 'float' a 'TYPE'; posible pérdida de datos
          with
          [
              TYPE=int
          ]
  Health.cpp
C:\Users\paumt\OneDrive\Documentos\GitHub\Desenvolupament\Game\Source\Animation.h(56,19): warning C4244: 'inicializando': conversión de 'float' a 'int'; posible pérdida de datos
C:\Users\paumt\OneDrive\Documentos\GitHub\Desenvolupament\Game\Source\Animation.h(58,30): warning C4244: '=': conversión de 'float' a 'int'; posible pérdida de datos
C:\Users\paumt\OneDrive\Documentos\GitHub\Desenvolupament\Game\Source\Animation.h(64,19): warning C4244: 'inicializando': conversión de 'float' a 'int'; posible pérdida de datos
C:\Users\paumt\OneDrive\Documentos\GitHub\Desenvolupament\Game\Source\Animation.h(66,30): warning C4244: '=': conversión de 'float' a 'int'; posible pérdida de datos
  IntroScreen.cpp
C:\Users\paumt\OneDrive\Documentos\GitHub\Desenvolupament\Game\Source\Animation.h(56,19): warning C4244: 'inicializando': conversión de 'float' a 'int'; posible pérdida de datos
C:\Users\paumt\OneDrive\Documentos\GitHub\Desenvolupament\Game\Source\Animation.h(58,30): warning C4244: '=': conversión de 'float' a 'int'; posible pérdida de datos
C:\Users\paumt\OneDrive\Documentos\GitHub\Desenvolupament\Game\Source\Animation.h(64,19): warning C4244: 'inicializando': conversión de 'float' a 'int'; posible pérdida de datos
C:\Users\paumt\OneDrive\Documentos\GitHub\Desenvolupament\Game\Source\Animation.h(66,30): warning C4244: '=': conversión de 'float' a 'int'; posible pérdida de datos
  Jabon.cpp
C:\Users\paumt\OneDrive\Documentos\GitHub\Desenvolupament\Game\Source\Animation.h(56,19): warning C4244: 'inicializando': conversión de 'float' a 'int'; posible pérdida de datos
C:\Users\paumt\OneDrive\Documentos\GitHub\Desenvolupament\Game\Source\Animation.h(58,30): warning C4244: '=': conversión de 'float' a 'int'; posible pérdida de datos
C:\Users\paumt\OneDrive\Documentos\GitHub\Desenvolupament\Game\Source\Animation.h(64,19): warning C4244: 'inicializando': conversión de 'float' a 'int'; posible pérdida de datos
C:\Users\paumt\OneDrive\Documentos\GitHub\Desenvolupament\Game\Source\Animation.h(66,30): warning C4244: '=': conversión de 'float' a 'int'; posible pérdida de datos
  LevelCompletedScreen.cpp
C:\Users\paumt\OneDrive\Documentos\GitHub\Desenvolupament\Game\Source\Animation.h(56,19): warning C4244: 'inicializando': conversión de 'float' a 'int'; posible pérdida de datos
C:\Users\paumt\OneDrive\Documentos\GitHub\Desenvolupament\Game\Source\Animation.h(58,30): warning C4244: '=': conversión de 'float' a 'int'; posible pérdida de datos
C:\Users\paumt\OneDrive\Documentos\GitHub\Desenvolupament\Game\Source\Animation.h(64,19): warning C4244: 'inicializando': conversión de 'float' a 'int'; posible pérdida de datos
C:\Users\paumt\OneDrive\Documentos\GitHub\Desenvolupament\Game\Source\Animation.h(66,30): warning C4244: '=': conversión de 'float' a 'int'; posible pérdida de datos
  ModuleParticles.cpp
C:\Users\paumt\OneDrive\Documentos\GitHub\Desenvolupament\Game\Source\Animation.h(56,19): warning C4244: 'inicializando': conversión de 'float' a 'int'; posible pérdida de datos
C:\Users\paumt\OneDrive\Documentos\GitHub\Desenvolupament\Game\Source\Animation.h(58,30): warning C4244: '=': conversión de 'float' a 'int'; posible pérdida de datos
C:\Users\paumt\OneDrive\Documentos\GitHub\Desenvolupament\Game\Source\Animation.h(64,19): warning C4244: 'inicializando': conversión de 'float' a 'int'; posible pérdida de datos
C:\Users\paumt\OneDrive\Documentos\GitHub\Desenvolupament\Game\Source\Animation.h(66,30): warning C4244: '=': conversión de 'float' a 'int'; posible pérdida de datos
C:\Users\paumt\OneDrive\Documentos\GitHub\Desenvolupament\Game\Source\ModuleParticles.cpp(11,10): warning C4067: símbolos (token) inesperados después de la directiva del preprocesador; se esperaba una nueva línea
C:\Users\paumt\OneDrive\Documentos\GitHub\Desenvolupament\Game\Source\ModuleParticles.cpp(147,17): warning C4244: '=': conversión de 'double' a 'float32'; posible pérdida de datos
C:\Users\paumt\OneDrive\Documentos\GitHub\Desenvolupament\Game\Source\ModuleParticles.cpp(150,16): warning C4244: '=': conversión de 'double' a 'float32'; posible pérdida de datos
C:\Users\paumt\OneDrive\Documentos\GitHub\Desenvolupament\Game\Source\ModuleParticles.cpp(210,79): warning C4244: 'argumento': conversión de 'TYPE' a 'int'; posible pérdida de datos
          with
          [
              TYPE=float
          ]
C:\Users\paumt\OneDrive\Documentos\GitHub\Desenvolupament\Game\Source\ModuleParticles.cpp(210,57): warning C4244: 'argumento': conversión de 'TYPE' a 'int'; posible pérdida de datos
          with
          [
              TYPE=float
          ]
C:\Users\paumt\OneDrive\Documentos\GitHub\Desenvolupament\Game\Source\ModuleParticles.cpp(213,79): warning C4244: 'argumento': conversión de 'TYPE' a 'int'; posible pérdida de datos
          with
          [
              TYPE=float
          ]
C:\Users\paumt\OneDrive\Documentos\GitHub\Desenvolupament\Game\Source\ModuleParticles.cpp(213,57): warning C4244: 'argumento': conversión de 'TYPE' a 'int'; posible pérdida de datos
          with
          [
              TYPE=float
          ]
C:\Users\paumt\OneDrive\Documentos\GitHub\Desenvolupament\Game\Source\ModuleParticles.cpp(227,18): warning C4244: '=': conversión de 'int' a 'TYPE'; posible pérdida de datos
          with
          [
              TYPE=float
          ]
C:\Users\paumt\OneDrive\Documentos\GitHub\Desenvolupament\Game\Source\ModuleParticles.cpp(228,18): warning C4244: '=': conversión de 'int' a 'TYPE'; posible pérdida de datos
          with
          [
              TYPE=float
          ]
C:\Users\paumt\OneDrive\Documentos\GitHub\Desenvolupament\Game\Source\ModuleParticles.cpp(230,83): warning C4244: 'argumento': conversión de 'TYPE' a 'int'; posible pérdida de datos
          with
          [
              TYPE=float
          ]
C:\Users\paumt\OneDrive\Documentos\GitHub\Desenvolupament\Game\Source\ModuleParticles.cpp(230,63): warning C4244: 'argumento': conversión de 'TYPE' a 'int'; posible pérdida de datos
          with
          [
              TYPE=float
          ]
C:\Users\paumt\OneDrive\Documentos\GitHub\Desenvolupament\Game\Source\ModuleParticles.cpp(271,18): warning C4244: '=': conversión de 'int' a 'TYPE'; posible pérdida de datos
          with
          [
              TYPE=float
          ]
C:\Users\paumt\OneDrive\Documentos\GitHub\Desenvolupament\Game\Source\ModuleParticles.cpp(272,18): warning C4244: '=': conversión de 'int' a 'TYPE'; posible pérdida de datos
          with
          [
              TYPE=float
          ]
  PauseScreen.cpp
C:\Users\paumt\OneDrive\Documentos\GitHub\Desenvolupament\Game\Source\Animation.h(56,19): warning C4244: 'inicializando': conversión de 'float' a 'int'; posible pérdida de datos
C:\Users\paumt\OneDrive\Documentos\GitHub\Desenvolupament\Game\Source\Animation.h(58,30): warning C4244: '=': conversión de 'float' a 'int'; posible pérdida de datos
C:\Users\paumt\OneDrive\Documentos\GitHub\Desenvolupament\Game\Source\Animation.h(64,19): warning C4244: 'inicializando': conversión de 'float' a 'int'; posible pérdida de datos
C:\Users\paumt\OneDrive\Documentos\GitHub\Desenvolupament\Game\Source\Animation.h(66,30): warning C4244: '=': conversión de 'float' a 'int'; posible pérdida de datos
  Player.cpp
C:\Users\paumt\OneDrive\Documentos\GitHub\Desenvolupament\Game\Source\Animation.h(56,19): warning C4244: 'inicializando': conversión de 'float' a 'int'; posible pérdida de datos
C:\Users\paumt\OneDrive\Documentos\GitHub\Desenvolupament\Game\Source\Animation.h(58,30): warning C4244: '=': conversión de 'float' a 'int'; posible pérdida de datos
C:\Users\paumt\OneDrive\Documentos\GitHub\Desenvolupament\Game\Source\Animation.h(64,19): warning C4244: 'inicializando': conversión de 'float' a 'int'; posible pérdida de datos
C:\Users\paumt\OneDrive\Documentos\GitHub\Desenvolupament\Game\Source\Animation.h(66,30): warning C4244: '=': conversión de 'float' a 'int'; posible pérdida de datos
  Scene.cpp
C:\Users\paumt\OneDrive\Documentos\GitHub\Desenvolupament\Game\Source\Animation.h(56,19): warning C4244: 'inicializando': conversión de 'float' a 'int'; posible pérdida de datos
C:\Users\paumt\OneDrive\Documentos\GitHub\Desenvolupament\Game\Source\Animation.h(58,30): warning C4244: '=': conversión de 'float' a 'int'; posible pérdida de datos
C:\Users\paumt\OneDrive\Documentos\GitHub\Desenvolupament\Game\Source\Animation.h(64,19): warning C4244: 'inicializando': conversión de 'float' a 'int'; posible pérdida de datos
C:\Users\paumt\OneDrive\Documentos\GitHub\Desenvolupament\Game\Source\Animation.h(66,30): warning C4244: '=': conversión de 'float' a 'int'; posible pérdida de datos
  TitleScreen.cpp
C:\Users\paumt\OneDrive\Documentos\GitHub\Desenvolupament\Game\Source\Animation.h(56,19): warning C4244: 'inicializando': conversión de 'float' a 'int'; posible pérdida de datos
C:\Users\paumt\OneDrive\Documentos\GitHub\Desenvolupament\Game\Source\Animation.h(58,30): warning C4244: '=': conversión de 'float' a 'int'; posible pérdida de datos
C:\Users\paumt\OneDrive\Documentos\GitHub\Desenvolupament\Game\Source\Animation.h(64,19): warning C4244: 'inicializando': conversión de 'float' a 'int'; posible pérdida de datos
C:\Users\paumt\OneDrive\Documentos\GitHub\Desenvolupament\Game\Source\Animation.h(66,30): warning C4244: '=': conversión de 'float' a 'int'; posible pérdida de datos
  WEnemies.cpp
C:\Users\paumt\OneDrive\Documentos\GitHub\Desenvolupament\Game\Source\Animation.h(56,19): warning C4244: 'inicializando': conversión de 'float' a 'int'; posible pérdida de datos
C:\Users\paumt\OneDrive\Documentos\GitHub\Desenvolupament\Game\Source\Animation.h(58,30): warning C4244: '=': conversión de 'float' a 'int'; posible pérdida de datos
C:\Users\paumt\OneDrive\Documentos\GitHub\Desenvolupament\Game\Source\Animation.h(64,19): warning C4244: 'inicializando': conversión de 'float' a 'int'; posible pérdida de datos
C:\Users\paumt\OneDrive\Documentos\GitHub\Desenvolupament\Game\Source\Animation.h(66,30): warning C4244: '=': conversión de 'float' a 'int'; posible pérdida de datos
C:\Users\paumt\OneDrive\Documentos\GitHub\Desenvolupament\Game\Source\Point.h(111,26): warning C4244: 'argumento': conversión de 'TYPE' a 'float'; posible pérdida de datos
          with
          [
              TYPE=int
          ]
C:\Users\paumt\OneDrive\Documentos\GitHub\Desenvolupament\Game\Source\Point.h(106,7): message : al compilar la función del miembro clase plantilla "TYPE Point<TYPE>::DistanceTo(const Point<TYPE> &) const"
          with
          [
              TYPE=int
          ]
C:\Users\paumt\OneDrive\Documentos\GitHub\Desenvolupament\Game\Source\WEnemies.cpp(120,6): message : vea la primera referencia a “Point<int>::DistanceTo” en “WEnemies::Update”
C:\Users\paumt\OneDrive\Documentos\GitHub\Desenvolupament\Game\Source\Entity.h(89,9): message : Vea la referencia a la creación de una instancia de clase plantilla "Point<int>" que se está compilando
C:\Users\paumt\OneDrive\Documentos\GitHub\Desenvolupament\Game\Source\Point.h(111,15): warning C4244: 'return': conversión de 'float' a 'TYPE'; posible pérdida de datos
          with
          [
              TYPE=int
          ]
  Generando código...
C:\Users\paumt\OneDrive\Documentos\GitHub\Desenvolupament\Game\Source\Scene.cpp(91): warning C4715: 'Scene::Awake': no todas las rutas de acceso de control devuelven un valor
C:\Users\paumt\OneDrive\Documentos\GitHub\Desenvolupament\Game\Source\Scene.h(111): warning C4715: 'Scene::HeartPicked': no todas las rutas de acceso de control devuelven un valor
  Game.vcxproj -> C:\Users\paumt\OneDrive\Documentos\GitHub\Desenvolupament\Build\Debug\Game.exe
          1 archivo(s) copiado(s).
